\BOOKMARK [1][-]{section.1}{Introduction}{}
\BOOKMARK [1][-]{section.2}{Theory}{}
\BOOKMARK [1][-]{section.3}{Experimental setup}{}
\BOOKMARK [1][-]{section.4}{Monte Carlo}{}
\BOOKMARK [1][-]{section.5}{Event selection}{}
\BOOKMARK [2][-]{subsection.5.1}{Tables}{section.5}
\BOOKMARK [1][-]{section.6}{Data characteristics}{}
\BOOKMARK [2][-]{subsection.6.1}{Figures}{section.6}
\BOOKMARK [1][-]{section.7}{Systematic uncertainties}{}
\BOOKMARK [1][-]{section.8}{Results}{}
\BOOKMARK [1][-]{section.9}{Discussion}{}
\BOOKMARK [1][-]{section.10}{Summary and conclusion}{}
\BOOKMARK [1][-]{section.11}{Acknowledgements}{}
\BOOKMARK [1][-]{section.12}{Rules for referencing}{}
\BOOKMARK [0][-]{part*.3}{Appendices}{}
\BOOKMARK [1][-]{appendix.A}{The cepcnote class}{part*.3}
\BOOKMARK [2][-]{subsection.A.1}{Dependencies}{appendix.A}
\BOOKMARK [2][-]{subsection.A.2}{Custom commands}{appendix.A}
\BOOKMARK [1][-]{appendix.B}{Bibliography}{part*.3}
\BOOKMARK [1][-]{appendix.C}{Miscellaneous LaTeX tips}{part*.3}
\BOOKMARK [2][-]{subsection.C.1}{Graphics}{appendix.C}
\BOOKMARK [2][-]{subsection.C.2}{Definitions}{appendix.C}
\BOOKMARK [2][-]{subsection.C.3}{Emphasis}{appendix.C}
\BOOKMARK [1][-]{appendix.D}{General Style}{part*.3}
\BOOKMARK [1][-]{appendix.E}{The cepcphysics.sty style file}{part*.3}
\BOOKMARK [2][-]{subsection.E.1}{Remarks on units and symbols}{appendix.E}
\BOOKMARK [2][-]{subsection.E.2}{Other shortcuts}{appendix.E}
